calling url http://t.co/50IaMcNCB4 for article
calling url http://t.co/zY9dLuZh5x for article
calling url http://t.co/K0YRofSw84 for article
calling url http://t.co/ly6C4nPENK for article
calling url http://t.co/EwJRVvhoFV for article
calling url http://t.co/PZliv9Wirz for article
calling url http://t.co/kBSWWqciWO for article
calling url http://t.co/V for article
calling url http://t.co/R03o5iDPHV for article
calling url http://t.co/iiIIv1BWIj for article
calling url http://t.co/TwDUjDVuqy for article
calling url http://t.co/b2pcJ9fhR4 for article
calling url https://t.co/JYKHnzMm23 for article
calling url http://t.co/JVEqH4rkq2 for article
calling url http://t.co/yjmqS01BBD for article
calling url http://t.co/lDdCpORB for article
calling url http://t.co/K2IIUOD6RW for article
calling url http://t.co/pUyl25mfTH for article
calling url http://t.co/LKWtPOBevr for article
calling url http://t.co/ULojqvWfqK for article
calling url http://t.co/XjZAIgdMJG for article
calling url http://t.co/AzdFWHyv5Z for article
calling url http://t.co/NWbH417 for article
calling url http://t.co/J for article
calling url http://t.co/qU37TLDK1F for article
calling url http://t.co/3pAHuXlPIn for article
calling url http://t.co/CxOGiPCT61 for article
calling url http://t.co/t4J0fcHwR6 for article
calling url http://t.co/Fv8zJ4qPZZ for article
calling url http://t.co/ for article
calling url http://t.co/LCyaZ0yIPx for article
calling url http://t.co/f05LiO62YU for article
calling url http://t.co/t3W26v8MmV for article
calling url http://t.co/I2Qaapt2Nr for article
calling url http://t.co/xODPIbOfCV for article
calling url http://t.co/Cx40Ul for article
calling url http://t.co/kquJE4Vtll for article
calling url http://t.co/v3LzJnJh1V for article
calling url http://t.co/SeIY1mkqBP for article
calling url http://t.co/vT7k8WHAEC for article
calling url http://t.co/IjLvmepZPe for article
calling url http://t.co/wh1S0InJ8Q for article
calling url http://t.co/1GIgoi3455 for article
calling url http://t.co/ZQrQ6uZNK6 for article
calling url http://t.co/tE6QT5bmFP for article
calling url http://t.co/QbzODVdxkw for article
calling url http://t.co/wja7yXodBM for article
calling url http://t.co/lGlRb80 for article
calling url http://t.co/TtWd5c1ZLC for article
calling url http://t.co/18dT3OTiPt for article
calling url http://t.co/6nWqCSZwDa for article
calling url http://t.co/cm5 for article
calling url http://t.co/uC1GORjo6Y for article
calling url http://t.co/BLK4jniU77 for article
calling url http://t.co/CaVMXiCg for article
calling url http://t.co/dLbe0SDN29 for article
calling url http://t.co/8QwKV for article
calling url http://t.co/Kxl58 for article
calling url http://t.co/dNMruuTNdg for article
calling url http://t.co/il6bJXumfZ for article
calling url http://t.co/R1m3x1AGgK for article
calling url http://t.co/l4NGh1vqIr for article
calling url http://t.co/9XbS8PDVe7 for article
calling url http://t.co/h4ZdTUNRUu for article
calling url http://t.co/afmaokn46S for article
calling url http://t.co/gqVTpaxe6P for article
calling url http://t.co/SVvpExoVfe for article
calling url http://t.co/KVhfF4lrzP for article
calling url http://t.co/YBIkYDovaB for article
calling url http://t.co/Ibq4y9DC71 for article
calling url http://t.co/nN2IkAnPOP for article
calling url http://t.co/dQ2Phz4B for article
calling url http://t.co/bILAvvmn for article
calling url http://t.co/Ze35LJBB for article
calling url http://t.co/gm5dABCP for article
calling url http://t.co/qEX8pMoz for article
calling url http://t.co/XfGEVfbS for article
calling url http://t.co/wjh3pWkJ for article
calling url http://t.co/95aOr1Wr for article
calling url http://t.co/lkZVrnfW for article
calling url http://t.co/vWrTIBgl for article
calling url http://t.co/PxzTOJft for article
calling url http://t.co/Umcryxck for article
calling url http://t.co/wE0jRVJv for article
calling url http://t.co/eHfUtlto for article
calling url http://t.co/Sh9xTUEf for article
calling url http://t.co/J2DvHttG for article
calling url http://t.co/lEpitFrE for article
calling url http://t.co/YQYkSp21 for article
calling url http://t.co/y3W for article
calling url http://t.co/UzhJQ70Y for article
calling url http://t.co/nFiqBMx9 for article
calling url http://t.co/6aVZQZ for article
calling url http://t.co/P3 for article
calling url http://t.co/Lfeb0AE8 for article
calling url http://t.co/Kbhx1RrK for article
calling url http://t.co/xE3mgCFV for article
calling url http://t.co/ldCGyEGd for article
calling url http://t.co/WUeo49nz for article
calling url http://t.co/6B4jqVxx for article
calling url http://t.co/NrCJ0BRo for article
calling url http://t.co/BDKJB6tn for article
calling url http://t.co/qdthxc3c for article
calling url http://t.co/aLtXEz0j for article
calling url http://t.co/JSWD6UP for article
calling url http://t.co/fzIzONNm for article
calling url http://t.co/5T4Pg4AS for article
calling url http://t.co/UJ9HPjUl for article
calling url http://t.co/vZ for article
calling url http://t.co/Mxo4W8Nj for article
calling url https://t.co/PgvYd7ic for article
calling url http://t.co/YyYdGx7u for article
2013-09-05-How-whatsapp-handle-all-its-request.md already processed before
2013-10-17-The-myth-of-maintainability.md already processed before
2012-08-20-InMemoryTestDatabase-testing-database-tags-An-in-memory-database.md already processed before
2012-12-28-Small-and-Large-Scale-Refactorings-by-Ola-Ellnestam.md already processed before
2013-04-23-Interview-with-Robert-C-Martin-Uncle-Bob-via.md already processed before
2013-01-05-Bas-Vodde-Singaporeans-wake-up-Why-software-is.md already processed before
2013-08-01-Sue-Austin-Deep-sea-diving-in-a-wheelchair-via.md already processed before
2013-07-22-Diving-in-Bohol-via.md already processed before
2013-09-05-Value-object.md already processed before
2013-09-15-Answer-by-to-What-are-the-three-most-important-programming-languages-to-learn.md already processed before
2012-12-19-Sucuri-Research-Sucuri-CloudProxy-Access-Denied-Home-Notes.md already processed before
2013-10-23-Better-git-with-posh-git.md already processed before
2012-12-20-The-Pragmatic-Programmer-Quick-Reference-Guide-This-page.md already processed before
2013-09-07-Post-by-Jared-Gold-I-Quit-My-Job-Today.md already processed before
2013-08-01-TwoHardThings-There-are-only-two-hard-things-in.md already processed before
2012-07-26-Wednesday-July-22-2009-Introducing-Rx-Linq-to.md already processed before
2013-06-01-Answer-by-to-Whats-the-point-of-wearing-formal-dress-for-job-interviews.md already processed before
2013-07-21-Answer-by-to-What-is-the-best-way-to-communicate-to-a-software-development-team-that-they-need-to-work-mo.md already processed before
2013-05-26-Why-IT-Managers-are-Hiring-Based-on-Experience.md already processed before
2012-11-04-Monday-June-13-2011-Its-official-developers-get.md already processed before
2013-06-14-Post-by-3-Mistakes-Non-Technical-PMs-Make-Part-3.md already processed before
2013-06-01-Issue-a-major-update-30-days-after-launch.md already processed before
2013-10-25-Rule-of-three.md already processed before
2013-10-24-On-Being-A-Senior-Engineer.md already processed before
2012-07-28-Swiss-Army-Knife-or-Generalizing-Specialist-October-24.md already processed before
2012-07-22-Connect-with-Colleen-Rave-Reviews-You-are-here.md already processed before
2013-05-26-1-Year-of-Experience-Repeated-20-Times-I.md already processed before
2013-05-26-Programming-Is-All-About-Passion-Programming-is-all.md already processed before
2012-11-29-From-Developer-to-Technical-Manager-By-aaron-misc.md already processed before
2012-09-16-MIT-School-of-Engineering-What-do-Legos-have.md already processed before
2013-10-21-What-are-the-best-programming-blogs-Answer-by-to-What-are-the-best-programming-blogs.md already processed before
2013-07-03-Which-math-skills-should-I-learn-in-order-to-become-a-good-programmer.md already processed before
2013-06-03-IEnumerablelt-Bookgt-to-read.md already processed before
2012-10-24-Seven-Habits-of-Highly-Effective-Programmers-This-work.md already processed before
2012-12-30-You-are-here-InfoQ-Homepage-News-Mikado-Method.md already processed before
2013-10-22-Why-does-windows-have-terrible-battery-life.md already processed before
2013-05-26-Null-References-The-Billion-Dollar-Mistake-Recorded-at.md already processed before
2013-10-15-Classic-Oo-Anti-Patterns-A-list-of-common.md already processed before
2013-10-25-You-are-here-InfoQ-Homepage-Articles-Paradigm-based.md already processed before
2012-09-17-7-Reasons-Why-Lego-Mindstorms-Will-Get-Your.md already processed before
2013-09-03-Reactive-Programming-as-an-Emerging-Trend.md already processed before
2012-07-12-ThoughtWorks-Mocks-Arent-Stubs-The-term-Mock-Objects.md already processed before
2013-07-19-Onion-architecture.md already processed before
2013-08-30-4-Things-I-Wish-I-Would-Have-Known-When-I-Started-My-Software-Development-Career-Javalobby.md already processed before
2013-07-12-RT-The-Reactive-Extensions-for-Python-and-Ruby-now-available-Would-love-some-love-and-pull-requests.md already processed before
2013-08-03-Code-reuse-highly-overrated.md already processed before
2012-09-13-An-Introduction-To-Domain-Driven-Design-David-Laribee.md already processed before
2013-10-21-Scrum-It-Is-Just-Shorter-Waterfall-NET-Zone.md already processed before
2013-10-25-How-are-message-passing-concurrent-languages-better-than.md already processed before
2013-06-29-Build-2013.md already processed before
2012-09-25-The-Top-10-Programming-Languages-For-Techies-only.md already processed before
2013-10-21-Singapore-is-missing-the-software-boat.md already processed before
2013-10-25-Git-friendly.md already processed before
2012-10-10-Appconfig-transform-Visual-Studio-Add-in-When-I.md already processed before
2012-07-25-What-is-LINQ-to-Events-aka-RX-Framework.md already processed before
2013-06-04-Sustainable-Automated-Testing-Architects-Zone.md already processed before
2013-06-23-Whats-wrong-with-Enterprise-Software.md already processed before
2012-07-15-Please-Dont-Learn-to-Code.md already processed before
2013-08-16-Myth-of-code-reuse.md already processed before
2013-01-03--Ive-been-working-on-web-based-projects.md already processed before
2012-07-20-The-Future-of-Software-Development-Is-Here-Are.md already processed before
2012-07-28-Has-one-or-more-technical-specialties-eg-Java.md already processed before
2012-07-21-Most-pressed-keys-in-various-programming-languages.md already processed before
2013-10-23-Git-under-windows.md already processed before
2013-09-18-Painful-Lessons-Javalobby.md already processed before
2012-09-02-The-care-and-feeding-of-software-engineers-or.md already processed before
2013-07-10-RT-Too-Old-to-Become-a-Developer-Big-Link-by-mswatcher.md already processed before
2013-06-02-Home-Business-Why-programmers-are-not-paid-in.md already processed before
2013-08-15-Check-out-Code-Reuse-is-Damn-Hard-written-by.md already processed before
2013-06-04-Asshole-driven-development-via.md already processed before
2012-08-20-The-Truth-about-Job-Hopping-Developers-Should-managers.md already processed before
2012-10-26-This-content-is-no-longer-current-Beginning-Game.md already processed before
2012-07-20-The-Future-of-Software-Development-April-20-2010.md already processed before
2013-10-21-The-Architecture-Twitter-Uses-To-Deal-With-150M-Active-Users-300K-QPS-And-Send-Tweets-In-Under-5-Seconds.md already processed before
2012-07-30-Dont-Follow-Your-Passion-Follow-Your-Effort-Posted.md already processed before
2012-09-10-Image-by-A-relationship-needs-intimacy-Regardless-of.md already processed before
2013-10-25-Javalobby-Avid-web-designer-and-developer-striving-to.md already processed before
2013-07-12-Why-Nodejs-closed.md already processed before
2013-10-25-What-is-cygwin.md saved!
2013-09-03-Code-digger.md already processed before
2012-07-24-When-Understanding-means-Rewriting-September-18-2006-If.md already processed before
2013-07-11-Agile-Health-Metrics-for-Predictability-Agile-Zone.md already processed before
2013-10-25-Quit-your-job.md already processed before
2013-10-21-Why-Even-Good-Managers-Cause-Projects-to-Fail-Javalobby.md already processed before
2013-07-11-Hiring-Developers-Slow-Down-to-Speed-Up-Agile-Zone.md already processed before
2012-09-18-With-var-we-can-simplify-this-to-var.md already processed before
2013-09-23-DDD-in-practice.md already processed before
2012-07-15-RT-Can-you-keep-your-workflow-in-the-face-of-Developer-Populism-It-can-be-done.md already processed before
2012-07-12-hbonsSparkleShare-C-SparkleShare-is-an-Open-Source-collaboration.md already processed before
2012-07-26-Using-IEnumerator-and-IEnumerable-in-the-NET-Framework.md already processed before
2012-08-02-RT-A-tough-but-valuable-lesson-learned-by-JD-Hildebrand-Dont-be-an-idiot.md already processed before
2013-10-22-Rx-js.md already processed before
calling url http://t.co/8S57m for article
calling url http://t.co/BDe6vg for article
calling url http://t.co/7M2MDVHanX for article
2013-10-25-Must-have-Tools-for-Developers-on-Windows-Part-1-NET-Zone.md saved!



pushed updates to git.
calling url http://t.co/7M2MDVHanX for article
calling url http://t.co/BDe6vg for article
calling url http://t.co/8S57m for article
calling url http://t.co/50IaMcNCB4 for article
calling url http://t.co/zY9dLuZh5x for article
calling url http://t.co/K0YRofSw84 for article
calling url http://t.co/ly6C4nPENK for article
calling url http://t.co/EwJRVvhoFV for article
calling url http://t.co/PZliv9Wirz for article
calling url http://t.co/kBSWWqciWO for article
calling url http://t.co/V for article
calling url http://t.co/R03o5iDPHV for article
calling url http://t.co/iiIIv1BWIj for article
calling url http://t.co/TwDUjDVuqy for article
calling url http://t.co/b2pcJ9fhR4 for article
calling url https://t.co/JYKHnzMm23 for article
calling url http://t.co/JVEqH4rkq2 for article
calling url http://t.co/yjmqS01BBD for article
calling url http://t.co/lDdCpORB for article
calling url http://t.co/K2IIUOD6RW for article
calling url http://t.co/pUyl25mfTH for article
calling url http://t.co/LKWtPOBevr for article
calling url http://t.co/ULojqvWfqK for article
calling url http://t.co/XjZAIgdMJG for article
calling url http://t.co/AzdFWHyv5Z for article
calling url http://t.co/NWbH417 for article
calling url http://t.co/J for article
calling url http://t.co/qU37TLDK1F for article
calling url http://t.co/3pAHuXlPIn for article
calling url http://t.co/CxOGiPCT61 for article
calling url http://t.co/t4J0fcHwR6 for article
calling url http://t.co/Fv8zJ4qPZZ for article
calling url http://t.co/ for article
calling url http://t.co/LCyaZ0yIPx for article
calling url http://t.co/f05LiO62YU for article
calling url http://t.co/t3W26v8MmV for article
calling url http://t.co/I2Qaapt2Nr for article
calling url http://t.co/xODPIbOfCV for article
calling url http://t.co/Cx40Ul for article
calling url http://t.co/kquJE4Vtll for article
calling url http://t.co/v3LzJnJh1V for article
calling url http://t.co/SeIY1mkqBP for article
calling url http://t.co/vT7k8WHAEC for article
calling url http://t.co/IjLvmepZPe for article
calling url http://t.co/wh1S0InJ8Q for article
calling url http://t.co/1GIgoi3455 for article
calling url http://t.co/ZQrQ6uZNK6 for article
calling url http://t.co/tE6QT5bmFP for article
calling url http://t.co/QbzODVdxkw for article
calling url http://t.co/wja7yXodBM for article
calling url http://t.co/lGlRb80 for article
calling url http://t.co/TtWd5c1ZLC for article
calling url http://t.co/18dT3OTiPt for article
calling url http://t.co/6nWqCSZwDa for article
calling url http://t.co/cm5 for article
calling url http://t.co/uC1GORjo6Y for article
calling url http://t.co/BLK4jniU77 for article
calling url http://t.co/CaVMXiCg for article
calling url http://t.co/dLbe0SDN29 for article
calling url http://t.co/8QwKV for article
calling url http://t.co/Kxl58 for article
calling url http://t.co/dNMruuTNdg for article
calling url http://t.co/il6bJXumfZ for article
calling url http://t.co/R1m3x1AGgK for article
calling url http://t.co/l4NGh1vqIr for article
calling url http://t.co/9XbS8PDVe7 for article
calling url http://t.co/h4ZdTUNRUu for article
calling url http://t.co/afmaokn46S for article
calling url http://t.co/gqVTpaxe6P for article
calling url http://t.co/SVvpExoVfe for article
calling url http://t.co/KVhfF4lrzP for article
calling url http://t.co/YBIkYDovaB for article
calling url http://t.co/Ibq4y9DC71 for article
calling url http://t.co/nN2IkAnPOP for article
calling url http://t.co/dQ2Phz4B for article
calling url http://t.co/bILAvvmn for article
calling url http://t.co/Ze35LJBB for article
calling url http://t.co/gm5dABCP for article
calling url http://t.co/qEX8pMoz for article
calling url http://t.co/XfGEVfbS for article
calling url http://t.co/wjh3pWkJ for article
calling url http://t.co/95aOr1Wr for article
calling url http://t.co/lkZVrnfW for article
calling url http://t.co/vWrTIBgl for article
calling url http://t.co/PxzTOJft for article
calling url http://t.co/Umcryxck for article
calling url http://t.co/wE0jRVJv for article
calling url http://t.co/eHfUtlto for article
calling url http://t.co/Sh9xTUEf for article
calling url http://t.co/J2DvHttG for article
calling url http://t.co/lEpitFrE for article
calling url http://t.co/YQYkSp21 for article
calling url http://t.co/y3W for article
calling url http://t.co/UzhJQ70Y for article
calling url http://t.co/nFiqBMx9 for article
calling url http://t.co/6aVZQZ for article
calling url http://t.co/P3 for article
calling url http://t.co/Lfeb0AE8 for article
calling url http://t.co/Kbhx1RrK for article
calling url http://t.co/xE3mgCFV for article
calling url http://t.co/ldCGyEGd for article
calling url http://t.co/WUeo49nz for article
calling url http://t.co/6B4jqVxx for article
calling url http://t.co/NrCJ0BRo for article
calling url http://t.co/BDKJB6tn for article
calling url http://t.co/qdthxc3c for article
calling url http://t.co/aLtXEz0j for article
calling url http://t.co/JSWD6UP for article
calling url http://t.co/fzIzONNm for article
calling url http://t.co/5T4Pg4AS for article
calling url http://t.co/UJ9HPjUl for article
calling url http://t.co/vZ for article
calling url http://t.co/Mxo4W8Nj for article
calling url https://t.co/PgvYd7ic for article
calling url http://t.co/YyYdGx7u for article
2013-09-05-How-whatsapp-handle-all-its-request.md already processed before
2013-09-05-Value-object.md already processed before
2012-07-25-What-is-LINQ-to-Events-aka-RX-Framework.md already processed before
2013-08-01-TwoHardThings-There-are-only-two-hard-things-in.md already processed before
2013-10-17-The-myth-of-maintainability.md already processed before
2013-08-01-Sue-Austin-Deep-sea-diving-in-a-wheelchair-via.md already processed before
2013-04-23-Interview-with-Robert-C-Martin-Uncle-Bob-via.md already processed before
2012-12-20-The-Pragmatic-Programmer-Quick-Reference-Guide-This-page.md already processed before
2012-12-28-Small-and-Large-Scale-Refactorings-by-Ola-Ellnestam.md already processed before
2012-11-04-Monday-June-13-2011-Its-official-developers-get.md already processed before
2012-12-19-Sucuri-Research-Sucuri-CloudProxy-Access-Denied-Home-Notes.md already processed before
2013-07-22-Diving-in-Bohol-via.md already processed before
2013-09-07-Post-by-Jared-Gold-I-Quit-My-Job-Today.md already processed before
2013-07-21-Answer-by-to-What-is-the-best-way-to-communicate-to-a-software-development-team-that-they-need-to-work-mo.md already processed before
2013-10-25-How-are-message-passing-concurrent-languages-better-than.md already processed before
2013-01-05-Bas-Vodde-Singaporeans-wake-up-Why-software-is.md already processed before
2013-05-26-Why-IT-Managers-are-Hiring-Based-on-Experience.md already processed before
2012-08-20-The-Truth-about-Job-Hopping-Developers-Should-managers.md already processed before
2013-05-26-Programming-Is-All-About-Passion-Programming-is-all.md already processed before
2012-09-13-An-Introduction-To-Domain-Driven-Design-David-Laribee.md already processed before
2013-06-23-Whats-wrong-with-Enterprise-Software.md already processed before
2012-08-20-InMemoryTestDatabase-testing-database-tags-An-in-memory-database.md already processed before
2013-09-15-Answer-by-to-What-are-the-three-most-important-programming-languages-to-learn.md already processed before
2013-06-14-Post-by-3-Mistakes-Non-Technical-PMs-Make-Part-3.md already processed before
2013-10-23-Git-under-windows.md already processed before
2013-10-25-Rule-of-three.md already processed before
2012-07-26-Wednesday-July-22-2009-Introducing-Rx-Linq-to.md already processed before
2013-10-21-What-are-the-best-programming-blogs-Answer-by-to-What-are-the-best-programming-blogs.md already processed before
2012-07-28-Swiss-Army-Knife-or-Generalizing-Specialist-October-24.md already processed before
2013-10-15-Classic-Oo-Anti-Patterns-A-list-of-common.md already processed before
2013-07-12-RT-The-Reactive-Extensions-for-Python-and-Ruby-now-available-Would-love-some-love-and-pull-requests.md already processed before
2013-10-25-You-are-here-InfoQ-Homepage-Articles-Paradigm-based.md already processed before
2012-09-18-With-var-we-can-simplify-this-to-var.md already processed before
2013-06-04-Sustainable-Automated-Testing-Architects-Zone.md already processed before
2013-06-01-Issue-a-major-update-30-days-after-launch.md already processed before
2012-11-29-From-Developer-to-Technical-Manager-By-aaron-misc.md already processed before
2012-07-20-The-Future-of-Software-Development-Is-Here-Are.md already processed before
2013-05-26-1-Year-of-Experience-Repeated-20-Times-I.md already processed before
2012-10-24-Seven-Habits-of-Highly-Effective-Programmers-This-work.md already processed before
2013-10-21-The-Architecture-Twitter-Uses-To-Deal-With-150M-Active-Users-300K-QPS-And-Send-Tweets-In-Under-5-Seconds.md already processed before
2013-10-24-On-Being-A-Senior-Engineer.md already processed before
2013-07-03-Which-math-skills-should-I-learn-in-order-to-become-a-good-programmer.md already processed before
2013-10-22-Why-does-windows-have-terrible-battery-life.md already processed before
2013-06-04-Asshole-driven-development-via.md already processed before
2013-10-25-Must-have-Tools-for-Developers-on-Windows-Part-1-NET-Zone.md already processed before
2013-06-01-Answer-by-to-Whats-the-point-of-wearing-formal-dress-for-job-interviews.md already processed before
2013-08-15-Check-out-Code-Reuse-is-Damn-Hard-written-by.md already processed before
2012-10-10-Appconfig-transform-Visual-Studio-Add-in-When-I.md already processed before
2012-12-30-You-are-here-InfoQ-Homepage-News-Mikado-Method.md already processed before
2012-07-15-Please-Dont-Learn-to-Code.md already processed before
2013-07-11-Agile-Health-Metrics-for-Predictability-Agile-Zone.md already processed before
2013-07-10-RT-Too-Old-to-Become-a-Developer-Big-Link-by-mswatcher.md already processed before
2013-10-25-What-is-cygwin.md already processed before
2013-05-26-Null-References-The-Billion-Dollar-Mistake-Recorded-at.md already processed before
2013-08-03-Code-reuse-highly-overrated.md already processed before
2012-09-25-The-Top-10-Programming-Languages-For-Techies-only.md already processed before
2013-09-18-Painful-Lessons-Javalobby.md already processed before
2013-10-25-Javalobby-Avid-web-designer-and-developer-striving-to.md already processed before
2013-10-25-Git-friendly.md already processed before
2012-07-22-Connect-with-Colleen-Rave-Reviews-You-are-here.md already processed before
2013-01-03--Ive-been-working-on-web-based-projects.md already processed before
2013-10-21-Singapore-is-missing-the-software-boat.md already processed before
2013-09-03-Reactive-Programming-as-an-Emerging-Trend.md already processed before
2012-09-16-MIT-School-of-Engineering-What-do-Legos-have.md already processed before
2013-10-21-Why-Even-Good-Managers-Cause-Projects-to-Fail-Javalobby.md already processed before
2013-10-25-Quit-your-job.md already processed before
2013-07-19-Onion-architecture.md already processed before
2012-09-02-The-care-and-feeding-of-software-engineers-or.md already processed before
2012-07-12-ThoughtWorks-Mocks-Arent-Stubs-The-term-Mock-Objects.md already processed before
2012-07-30-Dont-Follow-Your-Passion-Follow-Your-Effort-Posted.md already processed before
2013-07-11-Hiring-Developers-Slow-Down-to-Speed-Up-Agile-Zone.md already processed before
2012-07-21-Most-pressed-keys-in-various-programming-languages.md already processed before
2012-10-26-This-content-is-no-longer-current-Beginning-Game.md already processed before
2013-06-03-IEnumerablelt-Bookgt-to-read.md already processed before
2012-07-26-Using-IEnumerator-and-IEnumerable-in-the-NET-Framework.md already processed before
2013-10-23-Better-git-with-posh-git.md already processed before
2012-07-15-RT-Can-you-keep-your-workflow-in-the-face-of-Developer-Populism-It-can-be-done.md already processed before
2013-06-29-Build-2013.md already processed before
2012-07-20-The-Future-of-Software-Development-April-20-2010.md already processed before
2013-07-12-Why-Nodejs-closed.md already processed before
2013-09-03-Code-digger.md already processed before
2012-07-12-hbonsSparkleShare-C-SparkleShare-is-an-Open-Source-collaboration.md already processed before
2013-08-16-Myth-of-code-reuse.md already processed before
2012-07-24-When-Understanding-means-Rewriting-September-18-2006-If.md already processed before
2012-09-17-7-Reasons-Why-Lego-Mindstorms-Will-Get-Your.md already processed before
2013-09-23-DDD-in-practice.md already processed before
2013-06-02-Home-Business-Why-programmers-are-not-paid-in.md already processed before
2012-09-10-Image-by-A-relationship-needs-intimacy-Regardless-of.md already processed before
2012-07-28-Has-one-or-more-technical-specialties-eg-Java.md already processed before
2013-08-30-4-Things-I-Wish-I-Would-Have-Known-When-I-Started-My-Software-Development-Career-Javalobby.md already processed before
2013-10-21-Scrum-It-Is-Just-Shorter-Waterfall-NET-Zone.md already processed before
2013-10-22-Rx-js.md already processed before
2012-08-02-RT-A-tough-but-valuable-lesson-learned-by-JD-Hildebrand-Dont-be-an-idiot.md already processed before



pushed updates to git.
